Mar 04 18:50 : exception: Failed to open '/home/ellie/.config/mpd/mpdstate': No such file or directory
Mar 04 18:55 : update: added goreshit - semantic compositions on death and its meaning/goreshit - semantic compositions on death and its meaning - 03 looming shadow of a tree long gone.mp3
Mar 04 18:55 : update: added goreshit - semantic compositions on death and its meaning/goreshit - semantic compositions on death and its meaning - 01 the nature of dying.mp3
Mar 04 18:55 : update: added goreshit - semantic compositions on death and its meaning/goreshit - semantic compositions on death and its meaning - 02 o'er the flood.mp3
Mar 04 18:55 : update: added Tokyo Shoegazer - Moonworld Playground/05 東京酒吐座 Tokyo Shoegazer - Tokyo Neon Signs.flac
Mar 04 18:55 : update: added Tokyo Shoegazer - Moonworld Playground/04 東京酒吐座 Tokyo Shoegazer - The Dreamer.flac
Mar 04 18:55 : update: added Tokyo Shoegazer - Moonworld Playground/03 東京酒吐座 Tokyo Shoegazer - Constellations.flac
Mar 04 18:55 : update: added Tokyo Shoegazer - Moonworld Playground/01 東京酒吐座 Tokyo Shoegazer - Felicette (Instrumental).flac
Mar 04 18:55 : update: added Tokyo Shoegazer - Moonworld Playground/08 東京酒吐座 Tokyo Shoegazer - Paradise.flac
Mar 04 18:55 : update: added Tokyo Shoegazer - Moonworld Playground/02 東京酒吐座 Tokyo Shoegazer - Silence.flac
Mar 04 18:55 : update: added Tokyo Shoegazer - Moonworld Playground/09 東京酒吐座 Tokyo Shoegazer - Destroy.flac
Mar 04 18:55 : update: added Tokyo Shoegazer - Moonworld Playground/07 東京酒吐座 Tokyo Shoegazer - Moondive.flac
Mar 04 18:55 : update: added Tokyo Shoegazer - Moonworld Playground/06 東京酒吐座 Tokyo Shoegazer - Lucid.flac
Mar 04 18:55 : update: added Tokyo Shoegazer - Crystallize (10th Anniversary Edition)/09 Just Alright.flac
Mar 04 18:55 : update: added Tokyo Shoegazer - Crystallize (10th Anniversary Edition)/07 Back To My Place.flac
Mar 04 18:55 : update: added Tokyo Shoegazer - Crystallize (10th Anniversary Edition)/04 Silent Lies.flac
Mar 04 18:55 : update: added Tokyo Shoegazer - Crystallize (10th Anniversary Edition)/06 Free.flac
Mar 04 18:55 : update: added Tokyo Shoegazer - Crystallize (10th Anniversary Edition)/02 Just Alright.flac
Mar 04 18:55 : update: added Tokyo Shoegazer - Crystallize (10th Anniversary Edition)/10 Bright.flac
Mar 04 18:55 : update: added Tokyo Shoegazer - Crystallize (10th Anniversary Edition)/08 299 Addiction.flac
Mar 04 18:55 : update: added Tokyo Shoegazer - Crystallize (10th Anniversary Edition)/12 Waltz Matilda.flac
Mar 04 18:55 : update: added Tokyo Shoegazer - Crystallize (10th Anniversary Edition)/01 299 Addiction.flac
Mar 04 18:55 : update: added Tokyo Shoegazer - Crystallize (10th Anniversary Edition)/11 Silent Lies.flac
Mar 04 18:55 : update: added Tokyo Shoegazer - Crystallize (10th Anniversary Edition)/14 Back To My Place.flac
Mar 04 18:55 : update: added Tokyo Shoegazer - Crystallize (10th Anniversary Edition)/03 Bright.flac
Mar 04 18:55 : update: added Tokyo Shoegazer - Crystallize (10th Anniversary Edition)/05 Waltz Matilda.flac
Mar 04 18:55 : update: added Tokyo Shoegazer - Crystallize (10th Anniversary Edition)/13 Free.flac
Mar 04 18:55 : update: added The Ghost of 3.13 - And So I Watched the Seasons Change/10.Leave Me Far Behind.mp3
Mar 04 18:55 : update: added The Ghost of 3.13 - And So I Watched the Seasons Change/21.She's Haunting Me( Hidden Track).mp3
Mar 04 18:55 : update: added The Ghost of 3.13 - And So I Watched the Seasons Change/08.Panic Attack.mp3
Mar 04 18:55 : update: added The Ghost of 3.13 - And So I Watched the Seasons Change/16.The Garden.mp3
Mar 04 18:55 : update: added The Ghost of 3.13 - And So I Watched the Seasons Change/13.Ennui.mp3
Mar 04 18:55 : update: added The Ghost of 3.13 - And So I Watched the Seasons Change/15.Moon Sleeping In Last Quarter.mp3
Mar 04 18:55 : update: added The Ghost of 3.13 - And So I Watched the Seasons Change/11.I Never Saw A Firefly.mp3
Mar 04 18:55 : update: added The Ghost of 3.13 - And So I Watched the Seasons Change/05.Orchids And Lilacs.mp3
Mar 04 18:55 : update: added The Ghost of 3.13 - And So I Watched the Seasons Change/03.Childhood War Story.mp3
Mar 04 18:55 : update: added The Ghost of 3.13 - And So I Watched the Seasons Change/18.Deciduous.mp3
Mar 04 18:55 : update: added The Ghost of 3.13 - And So I Watched the Seasons Change/14.Empty Days Of Summer.mp3
Mar 04 18:55 : update: added The Ghost of 3.13 - And So I Watched the Seasons Change/02.Last Star In The Universe.mp3
Mar 04 18:55 : update: added The Ghost of 3.13 - And So I Watched the Seasons Change/07.Dying Dog Waltz.mp3
Mar 04 18:55 : update: added The Ghost of 3.13 - And So I Watched the Seasons Change/06.Four Walls Falling.mp3
Mar 04 18:55 : update: added The Ghost of 3.13 - And So I Watched the Seasons Change/09.Nettle.mp3
Mar 04 18:55 : update: added The Ghost of 3.13 - And So I Watched the Seasons Change/01.Nightingale.mp3
Mar 04 18:55 : update: added The Ghost of 3.13 - And So I Watched the Seasons Change/20.Earth's Last Snow.mp3
Mar 04 18:55 : update: added The Ghost of 3.13 - And So I Watched the Seasons Change/17.Moon Sleeping In First Quarter.mp3
Mar 04 18:55 : update: added The Ghost of 3.13 - And So I Watched the Seasons Change/04.Path To Nowhere.mp3
Mar 04 18:55 : update: added The Ghost of 3.13 - And So I Watched the Seasons Change/19.Goodbye Nightingale,Hello Winter Air.mp3
Mar 04 18:55 : update: added The Ghost of 3.13 - And So I Watched the Seasons Change/12.Wake Up And Watch The Rain Fall.mp3
Mar 04 18:55 : update: added Tokyo Shoegazer - Turnaround/06 - 東京酒吐座 - Turnaround.mp3
Mar 04 18:55 : update: added Tokyo Shoegazer - Turnaround/04 - 東京酒吐座 - Jack And Gill.mp3
Mar 04 18:55 : update: added Tokyo Shoegazer - Turnaround/03 - 東京酒吐座 - Nwodwols.mp3
Mar 04 18:55 : update: added Tokyo Shoegazer - Turnaround/02 - 東京酒吐座 - Tasogare Perspective.mp3
Mar 04 18:55 : update: added Tokyo Shoegazer - Turnaround/01 - 東京酒吐座 - Open Air.mp3
Mar 04 18:55 : update: added Tokyo Shoegazer - Turnaround/05 - 東京酒吐座 - Fragments.mp3
Mar 04 18:55 : update: added Xxtarlit⚸ - A Thousand Things I Could Tell You/Xxtarlit⚸ - A Thousand Things I Could Tell You - 03 Soul Resting.mp3
Mar 04 18:55 : update: added Xxtarlit⚸ - A Thousand Things I Could Tell You/Xxtarlit⚸ - A Thousand Things I Could Tell You - 10 Fatigue Or Falsetto.mp3
Mar 04 18:55 : update: added Xxtarlit⚸ - A Thousand Things I Could Tell You/Xxtarlit⚸ - A Thousand Things I Could Tell You - 02 Fleeting Frozen Heart.mp3
Mar 04 18:55 : update: added Xxtarlit⚸ - A Thousand Things I Could Tell You/Xxtarlit⚸ - A Thousand Things I Could Tell You - 01 Fragile.mp3
Mar 04 18:55 : update: added Xxtarlit⚸ - A Thousand Things I Could Tell You/Xxtarlit⚸ - A Thousand Things I Could Tell You - 05 In Orbit.mp3
Mar 04 18:55 : update: added Xxtarlit⚸ - A Thousand Things I Could Tell You/Xxtarlit⚸ - A Thousand Things I Could Tell You - 06 I Felt You.mp3
Mar 04 18:55 : update: added Xxtarlit⚸ - A Thousand Things I Could Tell You/Xxtarlit⚸ - A Thousand Things I Could Tell You - 07 Armored Core.mp3
Mar 04 18:55 : update: added Xxtarlit⚸ - A Thousand Things I Could Tell You/Xxtarlit⚸ - A Thousand Things I Could Tell You - 08 Flow.mp3
Mar 04 18:55 : update: added Xxtarlit⚸ - A Thousand Things I Could Tell You/Xxtarlit⚸ - A Thousand Things I Could Tell You - 09 My Love Is A Synthesis.mp3
Mar 04 18:55 : update: added Xxtarlit⚸ - A Thousand Things I Could Tell You/Xxtarlit⚸ - A Thousand Things I Could Tell You - 04 Starlit.mp3
Mar 04 18:55 : update: added Yōkai - standing by/Yōkai - standing by - 02 evening (a prelude).flac
Mar 04 18:55 : update: added Yōkai - standing by/Yōkai - standing by - 07 discontent.flac
Mar 04 18:55 : update: added Yōkai - standing by/Yōkai - standing by - 03 gate of time.flac
Mar 04 18:55 : update: added Yōkai - standing by/Yōkai - standing by - 06 alone on valentines day.flac
Mar 04 18:55 : update: added Yōkai - standing by/Yōkai - standing by - 01 underwater flowerbed.flac
Mar 04 18:55 : update: added Yōkai - standing by/Yōkai - standing by - 11 see you.flac
Mar 04 18:55 : update: added Yōkai - standing by/Yōkai - standing by - 05 shelter from the rain.flac
Mar 04 18:55 : update: added Yōkai - standing by/Yōkai - standing by - 04 promise (reprise).flac
Mar 04 18:55 : update: added Yōkai - standing by/Yōkai - standing by - 09 standing by.flac
Mar 04 18:55 : update: added Yōkai - standing by/Yōkai - standing by - 08 digital sunset.flac
Mar 04 18:55 : update: added Yōkai - standing by/Yōkai - standing by - 10 final hours (feat. MF DOOM).flac
Mar 04 18:55 : update: added Yōkai - standing by/Yōkai - standing by - 12 gloss.flac
Mar 04 18:55 : update: added Ozoi The Maid x Yakui The Maid - Wonderland/Ozoi The Maid x Yakui The Maid - Wonderland - 06 Frontier (instrumental).mp3
Mar 04 18:55 : update: added Ozoi The Maid x Yakui The Maid - Wonderland/Ozoi The Maid x Yakui The Maid - Wonderland - 12 Y_X_O (bonus).mp3
Mar 04 18:55 : update: added Ozoi The Maid x Yakui The Maid - Wonderland/Ozoi The Maid x Yakui The Maid - Wonderland - 10 D.H. (bonus).mp3
Mar 04 18:55 : update: added Ozoi The Maid x Yakui The Maid - Wonderland/Ozoi The Maid x Yakui The Maid - Wonderland - 07 Faraway.mp3
Mar 04 18:55 : update: added Ozoi The Maid x Yakui The Maid - Wonderland/Ozoi The Maid x Yakui The Maid - Wonderland - 11 bayan (bonus).mp3
Mar 04 18:55 : update: added Ozoi The Maid x Yakui The Maid - Wonderland/Ozoi The Maid x Yakui The Maid - Wonderland - 03 Lanterns.mp3
Mar 04 18:55 : update: added Ozoi The Maid x Yakui The Maid - Wonderland/Ozoi The Maid x Yakui The Maid - Wonderland - 08 Waltz.mp3
Mar 04 18:55 : update: added Ozoi The Maid x Yakui The Maid - Wonderland/Ozoi The Maid x Yakui The Maid - Wonderland - 04 Lanterns (instrumental).mp3
Mar 04 18:55 : update: added Ozoi The Maid x Yakui The Maid - Wonderland/Ozoi The Maid x Yakui The Maid - Wonderland - 01 Wonderland.mp3
Mar 04 18:55 : update: added Ozoi The Maid x Yakui The Maid - Wonderland/Ozoi The Maid x Yakui The Maid - Wonderland - 09 Drunken Hipster.mp3
Mar 04 18:55 : update: added Ozoi The Maid x Yakui The Maid - Wonderland/Ozoi The Maid x Yakui The Maid - Wonderland - 02 Wonderland (instrumental).mp3
Mar 04 18:55 : update: added Ozoi The Maid x Yakui The Maid - Wonderland/Ozoi The Maid x Yakui The Maid - Wonderland - 05 Frontier.mp3
Mar 04 18:55 : update: added Singles/SN2003ZZ_web.mp3
Mar 04 18:55 : update: added Singles/snowblow.mp3
Mar 04 18:55 : update: added Singles/Renaissance Affair - T.T.T..mp3
Mar 04 18:55 : update: added Singles/1987A.mp3
Mar 04 18:55 : update: added Singles/yung kaori - i need to throw up.mp3
Mar 04 18:55 : update: added Singles/Anamanaguchi - Helix Nebula.mp3
Mar 04 18:55 : update: added Singles/21 - What To Believe.flac
Mar 04 18:55 : update: added Singles/the_lost_dedicated_pre013__forweb.mp3
Mar 04 18:55 : update: added Singles/antilife_20090912_pre23.mp3
Mar 04 18:55 : update: added Singles/staino.mp3
Mar 04 18:55 : update: added Tokyo Shoegazer - Moondiver/03. in full bloom.flac
Mar 04 18:55 : update: added Tokyo Shoegazer - Moondiver/04. night dance.flac
Mar 04 18:55 : update: added Tokyo Shoegazer - Moondiver/07. stay white.flac
Mar 04 18:55 : update: added Tokyo Shoegazer - Moondiver/05. bedtime story.flac
Mar 04 18:55 : update: added Tokyo Shoegazer - Moondiver/01. into the deep sky.flac
Mar 04 18:55 : update: added Tokyo Shoegazer - Moondiver/02. your relief.flac
Mar 04 18:55 : update: added Goreshit and Hitori Tori - Misdirection/Hitori Tori - Misdirection - 07 Ahoy My Boy.mp3
Mar 04 18:55 : update: added Goreshit and Hitori Tori - Misdirection/Goreshit and Hitori Tori - Misdirection - 03 gravy All Over Him.mp3
Mar 04 18:55 : update: added Goreshit and Hitori Tori - Misdirection/Hitori Tori - Misdirection - 08 Take Out Your Sax.mp3
Mar 04 18:55 : update: added Goreshit and Hitori Tori - Misdirection/Goreshit and Hitori Tori - Misdirection - 01 ligwiybd.mp3
Mar 04 18:55 : update: added Goreshit and Hitori Tori - Misdirection/Goreshit and Hitori Tori - Misdirection - 02 alleau!.mp3
Mar 04 18:55 : update: added Goreshit and Hitori Tori - Misdirection/Hitori Tori - Misdirection - 06 Night Howl.mp3
Mar 04 18:55 : update: added Goreshit and Hitori Tori - Misdirection/Goreshit and Hitori Tori - Misdirection - 05 i Don't Give You New Shoes.mp3
Mar 04 18:55 : update: added Goreshit and Hitori Tori - Misdirection/Goreshit and Hitori Tori - Misdirection - 04 arp4joy.mp3
Mar 04 18:55 : update: added Goreshit and Hitori Tori - Misdirection/Hitori Tori - Misdirection - 09 Black IHR.mp3
Mar 04 18:55 : update: added goreshit - gnb/goreshit - gnb - 03 lonely.mp3
Mar 04 18:55 : update: added goreshit - gnb/goreshit - gnb - 05 unnatural.mp3
Mar 04 18:55 : update: added goreshit - gnb/goreshit - gnb - 01 fine night.mp3
Mar 04 18:55 : update: added goreshit - gnb/goreshit - gnb - 04 hold my hand.mp3
Mar 04 18:55 : update: added goreshit - gnb/goreshit - gnb - 02 dreamer.mp3
Mar 04 18:55 : update: added The Ghost Of 3.13 - Old,Lost,Unfinished,Broken/The Ghost Of 3.13 - Old,Lost,Unfinished,Broken - 04 If.flac
Mar 04 18:55 : update: added The Ghost Of 3.13 - Old,Lost,Unfinished,Broken/The Ghost Of 3.13 - Old,Lost,Unfinished,Broken - 07 From Green To White And Back Again.flac
Mar 04 18:55 : update: added The Ghost Of 3.13 - Old,Lost,Unfinished,Broken/The Ghost Of 3.13 - Old,Lost,Unfinished,Broken - 08 Longest Goodbye II (Under The Streetlights).flac
Mar 04 18:55 : update: added The Ghost Of 3.13 - Old,Lost,Unfinished,Broken/The Ghost Of 3.13 - Old,Lost,Unfinished,Broken - 12 Sometimes I Feel....flac
Mar 04 18:55 : update: added The Ghost Of 3.13 - Old,Lost,Unfinished,Broken/The Ghost Of 3.13 - Old,Lost,Unfinished,Broken - 13 Black Birds Sing The End.flac
Mar 04 18:55 : update: added The Ghost Of 3.13 - Old,Lost,Unfinished,Broken/The Ghost Of 3.13 - Old,Lost,Unfinished,Broken - 14 Death Via Star Collision.flac
Mar 04 18:55 : update: added The Ghost Of 3.13 - Old,Lost,Unfinished,Broken/The Ghost Of 3.13 - Old,Lost,Unfinished,Broken - 01 Sleep Prelude.flac
Mar 04 18:55 : update: added The Ghost Of 3.13 - Old,Lost,Unfinished,Broken/The Ghost Of 3.13 - Old,Lost,Unfinished,Broken - 06 Ralyn(I Made Another Song About You).flac
Mar 04 18:55 : update: added The Ghost Of 3.13 - Old,Lost,Unfinished,Broken/The Ghost Of 3.13 - Old,Lost,Unfinished,Broken - 05 Daydream.flac
Mar 04 18:55 : update: added The Ghost Of 3.13 - Old,Lost,Unfinished,Broken/The Ghost Of 3.13 - Old,Lost,Unfinished,Broken - 10 Night Terror Jazz I.flac
Mar 04 18:55 : update: added The Ghost Of 3.13 - Old,Lost,Unfinished,Broken/The Ghost Of 3.13 - Old,Lost,Unfinished,Broken - 09 Underwater Stars.flac
Mar 04 18:55 : update: added The Ghost Of 3.13 - Old,Lost,Unfinished,Broken/The Ghost Of 3.13 - Old,Lost,Unfinished,Broken - 15 End Titles.flac
Mar 04 18:55 : update: added The Ghost Of 3.13 - Old,Lost,Unfinished,Broken/The Ghost Of 3.13 - Old,Lost,Unfinished,Broken - 11 Night Terror Jazz II.flac
Mar 04 18:55 : update: added The Ghost Of 3.13 - Old,Lost,Unfinished,Broken/The Ghost Of 3.13 - Old,Lost,Unfinished,Broken - 03 Forgotten.flac
Mar 04 18:55 : update: added The Ghost Of 3.13 - Old,Lost,Unfinished,Broken/The Ghost Of 3.13 - Old,Lost,Unfinished,Broken - 02 Glass Empire.flac
Mar 04 18:55 : update: added Jerobeam Fenderson - Oscilloscope Music/09 - Jerobeam Fenderson - Deconstruct.flac
Mar 04 18:55 : update: added Jerobeam Fenderson - Oscilloscope Music/04 - Jerobeam Fenderson - Circles.flac
Mar 04 18:55 : update: added Jerobeam Fenderson - Oscilloscope Music/03 - Jerobeam Fenderson - Blocks.flac
Mar 04 18:55 : update: added Jerobeam Fenderson - Oscilloscope Music/01 - Jerobeam Fenderson - Dots.flac
Mar 04 18:55 : update: added Jerobeam Fenderson - Oscilloscope Music/06 - Jerobeam Fenderson - Planets.flac
Mar 04 18:55 : update: added Jerobeam Fenderson - Oscilloscope Music/08 - Jerobeam Fenderson - Shrooms.flac
Mar 04 18:55 : update: added Jerobeam Fenderson - Oscilloscope Music/05 - Jerobeam Fenderson - Spirals.flac
Mar 04 18:55 : update: added Jerobeam Fenderson - Oscilloscope Music/02 - Jerobeam Fenderson - Lines.flac
Mar 04 18:55 : update: added Jerobeam Fenderson - Oscilloscope Music/07 - Jerobeam Fenderson - Asteroids.flac
Mar 04 18:55 : update: added Jerobeam Fenderson - Oscilloscope Music/10 - Jerobeam Fenderson - Reconstruct.flac
Mar 04 18:55 : update: added Xxtarlit⚸ - running on empty/running on empty.flac
Mar 04 18:55 : update: added Dev-Null - Necrobestial Sadobreaks/3. grind3.mp3
Mar 04 18:55 : update: added Dev-Null - Necrobestial Sadobreaks/4. zombie sunset.mp3
Mar 04 18:55 : update: added Dev-Null - Necrobestial Sadobreaks/7. society of defilement.mp3
Mar 04 18:55 : update: added Dev-Null - Necrobestial Sadobreaks/5. grind1.mp3
Mar 04 18:55 : update: added Dev-Null - Necrobestial Sadobreaks/1. gorechestra.mp3
Mar 04 18:55 : update: added Dev-Null - Necrobestial Sadobreaks/2. grind2.mp3
Mar 04 18:55 : update: added Dev-Null - Necrobestial Sadobreaks/6. grind4.mp3
Mar 04 18:55 : update: removing Tokyo Shoegazer - Moondiver/Index.cue/track0007
Mar 04 18:55 : update: removing Tokyo Shoegazer - Moondiver/Index.cue/track0006
Mar 04 18:55 : update: removing Tokyo Shoegazer - Moondiver/Index.cue/track0005
Mar 04 18:55 : update: removing Tokyo Shoegazer - Moondiver/Index.cue/track0004
Mar 04 18:55 : update: removing Tokyo Shoegazer - Moondiver/Index.cue/track0003
Mar 04 18:55 : update: removing Tokyo Shoegazer - Moondiver/Index.cue/track0002
Mar 04 18:55 : update: removing Tokyo Shoegazer - Moondiver/Index.cue/track0001
Mar 04 19:01 : player: played "Singles/21 - What To Believe.flac"
Mar 04 19:30 : update: added La Dispute - Somewhere at the Bottom of the River Between Vega and Altair/06- Bury Your Flame.flac
Mar 04 19:30 : update: added La Dispute - Somewhere at the Bottom of the River Between Vega and Altair/05- Fall Down, Never Get Back Up Again.flac
Mar 04 19:30 : update: added La Dispute - Somewhere at the Bottom of the River Between Vega and Altair/12- The Last Lost Continent.flac
Mar 04 19:30 : update: added La Dispute - Somewhere at the Bottom of the River Between Vega and Altair/08- The Castle Builders.flac
Mar 04 19:30 : update: added La Dispute - Somewhere at the Bottom of the River Between Vega and Altair/09- Andria.flac
Mar 04 19:30 : update: added La Dispute - Somewhere at the Bottom of the River Between Vega and Altair/04- Damaged Goods.flac
Mar 04 19:30 : update: added La Dispute - Somewhere at the Bottom of the River Between Vega and Altair/03- New Storms for Older Lovers.flac
Mar 04 19:30 : update: added La Dispute - Somewhere at the Bottom of the River Between Vega and Altair/13- Nobody, Not Even the Rain.flac
Mar 04 19:30 : update: added La Dispute - Somewhere at the Bottom of the River Between Vega and Altair/07- Last Blues for Bloody Knuckles.flac
Mar 04 19:30 : update: added La Dispute - Somewhere at the Bottom of the River Between Vega and Altair/11- Sad Prayers for Guilty Bodies.flac
Mar 04 19:30 : update: added La Dispute - Somewhere at the Bottom of the River Between Vega and Altair/02- Said the King to the River.flac
Mar 04 19:30 : update: added La Dispute - Somewhere at the Bottom of the River Between Vega and Altair/10- Then Again, Maybe You Were Right.flac
Mar 04 19:30 : update: added La Dispute - Somewhere at the Bottom of the River Between Vega and Altair/01- Such Small Hands.flac
Mar 04 19:30 : update: removing Tokyo Shoegazer - Moondiver/Index.cue/track0007
Mar 04 19:30 : update: removing Tokyo Shoegazer - Moondiver/Index.cue/track0006
Mar 04 19:30 : update: removing Tokyo Shoegazer - Moondiver/Index.cue/track0005
Mar 04 19:30 : update: removing Tokyo Shoegazer - Moondiver/Index.cue/track0004
Mar 04 19:30 : update: removing Tokyo Shoegazer - Moondiver/Index.cue/track0003
Mar 04 19:30 : update: removing Tokyo Shoegazer - Moondiver/Index.cue/track0002
Mar 04 19:30 : update: removing Tokyo Shoegazer - Moondiver/Index.cue/track0001
Mar 04 19:35 : player: played "La Dispute - Somewhere at the Bottom of the River Between Vega and Altair/09- Andria.flac"
Mar 04 19:40 : player: played "Singles/Renaissance Affair - T.T.T..mp3"
Mar 04 20:07 : player: played "Singles/21 - What To Believe.flac"
Mar 04 20:12 : player: played "Dev-Null - Necrobestial Sadobreaks/4. zombie sunset.mp3"
